0 info it worked if it ends with ok
1 verbose cli [ 'C:\\Program Files\\nodejs\\\\node.exe',
1 verbose cli   'C:\\Program Files\\nodejs\\node_modules\\npm\\bin\\npm-cli.js',
1 verbose cli   'install' ]
2 info using npm@1.4.28
3 info using node@v0.10.32
4 verbose node symlink C:\Program Files\nodejs\\node.exe
5 warn package.json InMallSpider@0.0.1 No description
6 warn package.json InMallSpider@0.0.1 No repository field.
7 warn package.json InMallSpider@0.0.1 No README data
8 verbose readDependencies using package.json deps
9 verbose install where, deps [ 'E:\\Projects\\2014-International\\mallspider',
9 verbose install   [ 'body-parser',
9 verbose install     'cookie-parser',
9 verbose install     'morgan',
9 verbose install     'mongoose',
9 verbose install     'request',
9 verbose install     'ansyc',
9 verbose install     'mocha',
9 verbose install     'should' ] ]
10 info preinstall InMallSpider@0.0.1
11 verbose readDependencies using package.json deps
12 verbose already installed skipping body-parser@~1.8.1 E:\Projects\2014-International\mallspider
13 verbose already installed skipping cookie-parser@~1.3.3 E:\Projects\2014-International\mallspider
14 verbose already installed skipping morgan@~1.3.0 E:\Projects\2014-International\mallspider
15 verbose already installed skipping mongoose@~3.8.17 E:\Projects\2014-International\mallspider
16 verbose already installed skipping request@* E:\Projects\2014-International\mallspider
17 verbose cache add [ 'ansyc@*', null ]
18 verbose cache add name=undefined spec="ansyc@*" args=["ansyc@*",null]
19 verbose parsed url { protocol: null,
19 verbose parsed url   slashes: null,
19 verbose parsed url   auth: null,
19 verbose parsed url   host: null,
19 verbose parsed url   port: null,
19 verbose parsed url   hostname: null,
19 verbose parsed url   hash: null,
19 verbose parsed url   search: null,
19 verbose parsed url   query: null,
19 verbose parsed url   pathname: 'ansyc@*',
19 verbose parsed url   path: 'ansyc@*',
19 verbose parsed url   href: 'ansyc@*' }
20 verbose already installed skipping mocha@* E:\Projects\2014-International\mallspider
21 verbose already installed skipping should@* E:\Projects\2014-International\mallspider
22 verbose cache add name="ansyc" spec="*" args=["ansyc","*"]
23 verbose parsed url { protocol: null,
23 verbose parsed url   slashes: null,
23 verbose parsed url   auth: null,
23 verbose parsed url   host: null,
23 verbose parsed url   port: null,
23 verbose parsed url   hostname: null,
23 verbose parsed url   hash: null,
23 verbose parsed url   search: null,
23 verbose parsed url   query: null,
23 verbose parsed url   pathname: '*',
23 verbose parsed url   path: '*',
23 verbose parsed url   href: '*' }
24 verbose addNamed [ 'ansyc', '*' ]
25 verbose addNamed [ null, '*' ]
26 silly lockFile 3a078150-ansyc ansyc@*
27 verbose lock ansyc@* C:\Users\hengliang.cui\AppData\Roaming\npm-cache\3a078150-ansyc.lock
28 silly addNameRange { name: 'ansyc', range: '*', hasData: false }
29 verbose request where is /ansyc
30 verbose request registry https://registry.npmjs.org/
31 verbose request id 417a2309a4abc366
32 verbose url raw /ansyc
33 verbose url resolving [ 'https://registry.npmjs.org/', './ansyc' ]
34 verbose url resolved https://registry.npmjs.org/ansyc
35 verbose request where is https://registry.npmjs.org/ansyc
36 info trying registry request attempt 1 at 11:12:29
37 http GET https://registry.npmjs.org/ansyc
38 http 404 https://registry.npmjs.org/ansyc
39 verbose headers { date: 'Wed, 17 Dec 2014 03:12:29 GMT',
39 verbose headers   server: 'CouchDB/1.5.0 (Erlang OTP/R16B03)',
39 verbose headers   'content-type': 'application/json',
39 verbose headers   'cache-control': 'max-age=0',
39 verbose headers   'content-length': '52',
39 verbose headers   'accept-ranges': 'bytes',
39 verbose headers   via: '1.1 varnish',
39 verbose headers   age: '0',
39 verbose headers   'x-served-by': 'cache-ty66-TYO',
39 verbose headers   'x-cache': 'MISS',
39 verbose headers   'x-cache-hits': '0',
39 verbose headers   'x-timer': 'S1418785949.524676,VS0,VE120',
39 verbose headers   'keep-alive': 'timeout=10, max=50',
39 verbose headers   connection: 'Keep-Alive' }
40 silly registry.get cb [ 404,
40 silly registry.get   { date: 'Wed, 17 Dec 2014 03:12:29 GMT',
40 silly registry.get     server: 'CouchDB/1.5.0 (Erlang OTP/R16B03)',
40 silly registry.get     'content-type': 'application/json',
40 silly registry.get     'cache-control': 'max-age=0',
40 silly registry.get     'content-length': '52',
40 silly registry.get     'accept-ranges': 'bytes',
40 silly registry.get     via: '1.1 varnish',
40 silly registry.get     age: '0',
40 silly registry.get     'x-served-by': 'cache-ty66-TYO',
40 silly registry.get     'x-cache': 'MISS',
40 silly registry.get     'x-cache-hits': '0',
40 silly registry.get     'x-timer': 'S1418785949.524676,VS0,VE120',
40 silly registry.get     'keep-alive': 'timeout=10, max=50',
40 silly registry.get     connection: 'Keep-Alive' } ]
41 silly lockFile 3a078150-ansyc ansyc@*
42 silly lockFile 3a078150-ansyc ansyc@*
43 error 404 404 Not Found: ansyc
43 error 404
43 error 404 'ansyc' is not in the npm registry.
43 error 404 You should bug the author to publish it
43 error 404 It was specified as a dependency of 'InMallSpider'
43 error 404
43 error 404 Note that you can also install from a
43 error 404 tarball, folder, or http url, or git url.
44 error System Windows_NT 6.1.7601
45 error command "C:\\Program Files\\nodejs\\\\node.exe" "C:\\Program Files\\nodejs\\node_modules\\npm\\bin\\npm-cli.js" "install"
46 error cwd E:\Projects\2014-International\mallspider
47 error node -v v0.10.32
48 error npm -v 1.4.28
49 error code E404
50 verbose exit [ 1, true ]
